<?xml version="1.0" encoding="UTF-8"?>
<!-- Generated by org.testng.reporters.JUnitReportReporter -->
<testsuite hostname="maxqa" name="google.biz.tests.Test1" tests="1" failures="0" timestamp="21 Aug 2014 14:48:39 GMT" time="8.249" errors="0">
  <testcase name="testUntitled" time="8.249" classname="google.biz.tests.Test1"/>
</testsuite> <!-- google.biz.tests.Test1 -->
